#-----------------------------------------------------------
# Vivado v2019.2 (64-bit)
# SW Build 2708876 on Wed Nov  6 21:40:23 MST 2019
# IP Build 2700528 on Thu Nov  7 00:09:20 MST 2019
# Start of session at: Sat Nov 14 00:55:58 2020
# Process ID: 17432
# Current directory: D:/Software/Vivado/projects/prjct_ComputerArchitecture/exp2/soc_axi_lite_loongson/run_vivado/mycpu_prj1
# Command line: vivado.exe -gui_launcher_event rodinguilauncherevent17004 D:\Software\Vivado\projects\prjct_ComputerArchitecture\exp2\soc_axi_lite_loongson\run_vivado\mycpu_prj1\mycpu.xpr
# Log file: D:/Software/Vivado/projects/prjct_ComputerArchitecture/exp2/soc_axi_lite_loongson/run_vivado/mycpu_prj1/vivado.log
# Journal file: D:/Software/Vivado/projects/prjct_ComputerArchitecture/exp2/soc_axi_lite_loongson/run_vivado/mycpu_prj1\vivado.jou
#-----------------------------------------------------------
start_gui
open_project D:/Software/Vivado/projects/prjct_ComputerArchitecture/exp2/soc_axi_lite_loongson/run_vivado/mycpu_prj1/mycpu.xpr
INFO: [ProjectBase 1-489] The host OS only allows 260 characters in a normal path. The project is stored in a path with more than 80 characters. If you experience issues with IP, Block Designs, or files not being found, please consider moving the project to a location with a shorter path. Alternately consider using the OS subst command to map part of the path to a drive letter.
Current project path is 'D:/Software/Vivado/projects/prjct_ComputerArchitecture/exp2/soc_axi_lite_loongson/run_vivado/mycpu_prj1'
INFO: [Project 1-313] Project file moved from 'D:/Software/Vivado/projects/prjct_ComputerArchitecture/test2/soc_axi_lite_loongson/run_vivado/mycpu_prj1' since last save.
Scanning sources...
Finished scanning sources
INFO: [IP_Flow 19-234] Refreshing IP repositories
INFO: [IP_Flow 19-1704] No user IP repositories specified
INFO: [IP_Flow 19-2313] Loaded Vivado IP repository 'D:/Software/Vivado/2019.2/Vivado/2019.2/data/ip'.
open_project: Time (s): cpu = 00:00:16 ; elapsed = 00:00:12 . Memory (MB): peak = 705.703 ; gain = 95.988
update_compile_order -fileset sources_1
exit
INFO: [Common 17-206] Exiting Vivado at Sat Nov 14 00:57:33 2020...
